<?xml version="1.0" encoding="UTF-8"?>
<!-- Generated by org.testng.reporters.JUnitXMLReporter -->
<testsuite hostname="LAPTOP-SO85N89J" name="Default test" tests="4" failures="0" timestamp="21 Aug 2022 10:36:23 GMT" time="4.681" errors="0">
  <testcase name="Session" time="2.896" classname="org.jira.JiraIssue"/>
  <testcase name="addComment" time="0.167" classname="org.jira.JiraIssue"/>
  <testcase name="Attachment" time="0.241" classname="org.jira.JiraIssue"/>
  <testcase name="getComment" time="1.319" classname="org.jira.JiraIssue"/>
</testsuite> <!-- Default test -->
