<?xml version="1.0" encoding="UTF-8"?>
<!-- Generated by org.testng.reporters.JUnitXMLReporter -->
<testsuite hostname="LAPTOP-SO85N89J" name="Default test" tests="6" failures="0" timestamp="18 Aug 2022 05:49:33 GMT" time="10.213" errors="0">
  <testcase name="post" time="3.438" classname="org.pet.PetStore"/>
  <testcase name="get" time="1.234" classname="org.pet.PetStore"/>
  <testcase name="findStatus" time="1.226" classname="org.pet.PetStore"/>
  <testcase name="findStatus" time="1.829" classname="org.pet.PetStore"/>
  <testcase name="findStatus" time="1.257" classname="org.pet.PetStore"/>
  <testcase name="put" time="1.193" classname="org.pet.PetStore"/>
</testsuite> <!-- Default test -->
