<?xml version="1.0" encoding="UTF-8"?>
<testng-results skipped="0" failed="0" total="5" passed="5">
  <reporter-output>
  </reporter-output>
  <suite name="Default suite" duration-ms="9773" started-at="2022-08-18T05:25:47Z" finished-at="2022-08-18T05:25:57Z">
    <groups>
    </groups>
    <test name="Default test" duration-ms="9773" started-at="2022-08-18T05:25:47Z" finished-at="2022-08-18T05:25:57Z">
      <class name="org.pet.PetStore">
        <test-method status="PASS" signature="before()[pri:0, instance:org.pet.PetStore@68be2bc2]" name="before" is-config="true" duration-ms="12" started-at="2022-08-18T10:55:47Z" finished-at="2022-08-18T10:55:47Z">
          <reporter-output>
          </reporter-output>
        </test-method> <!-- before -->
        <test-method status="PASS" signature="post()[pri:1, instance:org.pet.PetStore@68be2bc2]" name="post" duration-ms="3593" started-at="2022-08-18T10:55:47Z" finished-at="2022-08-18T10:55:51Z">
          <reporter-output>
          </reporter-output>
        </test-method> <!-- post -->
        <test-method status="PASS" signature="beforeMethod()[pri:0, instance:org.pet.PetStore@68be2bc2]" name="beforeMethod" is-config="true" duration-ms="0" started-at="2022-08-18T10:55:47Z" finished-at="2022-08-18T10:55:47Z">
          <reporter-output>
          </reporter-output>
        </test-method> <!-- beforeMethod -->
        <test-method status="PASS" signature="afterMethod()[pri:0, instance:org.pet.PetStore@68be2bc2]" name="afterMethod" is-config="true" duration-ms="1" started-at="2022-08-18T10:55:51Z" finished-at="2022-08-18T10:55:51Z">
          <reporter-output>
          </reporter-output>
        </test-method> <!-- afterMethod -->
        <test-method status="PASS" signature="get()[pri:2, instance:org.pet.PetStore@68be2bc2]" name="get" duration-ms="1307" started-at="2022-08-18T10:55:51Z" finished-at="2022-08-18T10:55:52Z">
          <reporter-output>
          </reporter-output>
        </test-method> <!-- get -->
        <test-method status="PASS" signature="beforeMethod()[pri:0, instance:org.pet.PetStore@68be2bc2]" name="beforeMethod" is-config="true" duration-ms="0" started-at="2022-08-18T10:55:51Z" finished-at="2022-08-18T10:55:51Z">
          <reporter-output>
          </reporter-output>
        </test-method> <!-- beforeMethod -->
        <test-method status="PASS" signature="afterMethod()[pri:0, instance:org.pet.PetStore@68be2bc2]" name="afterMethod" is-config="true" duration-ms="0" started-at="2022-08-18T10:55:52Z" finished-at="2022-08-18T10:55:52Z">
          <reporter-output>
          </reporter-output>
        </test-method> <!-- afterMethod -->
        <test-method status="PASS" signature="beforeMethod()[pri:0, instance:org.pet.PetStore@68be2bc2]" name="beforeMethod" is-config="true" duration-ms="0" started-at="2022-08-18T10:55:52Z" finished-at="2022-08-18T10:55:52Z">
          <reporter-output>
          </reporter-output>
        </test-method> <!-- beforeMethod -->
        <test-method status="PASS" signature="findStatus(java.lang.String)[pri:3, instance:org.pet.PetStore@68be2bc2]" name="findStatus" duration-ms="1256" started-at="2022-08-18T10:55:52Z" data-provider="status" finished-at="2022-08-18T10:55:54Z">
          <params>
            <param index="0">
              <value>
                <![CDATA[sold]]>
              </value>
            </param>
          </params>
          <reporter-output>
          </reporter-output>
        </test-method> <!-- findStatus -->
        <test-method status="PASS" signature="afterMethod()[pri:0, instance:org.pet.PetStore@68be2bc2]" name="afterMethod" is-config="true" duration-ms="0" started-at="2022-08-18T10:55:54Z" finished-at="2022-08-18T10:55:54Z">
          <reporter-output>
          </reporter-output>
        </test-method> <!-- afterMethod -->
        <test-method status="PASS" signature="beforeMethod()[pri:0, instance:org.pet.PetStore@68be2bc2]" name="beforeMethod" is-config="true" duration-ms="1" started-at="2022-08-18T10:55:54Z" finished-at="2022-08-18T10:55:54Z">
          <reporter-output>
          </reporter-output>
        </test-method> <!-- beforeMethod -->
        <test-method status="PASS" signature="findStatus(java.lang.String)[pri:3, instance:org.pet.PetStore@68be2bc2]" name="findStatus" duration-ms="2309" started-at="2022-08-18T10:55:54Z" data-provider="status" finished-at="2022-08-18T10:55:56Z">
          <params>
            <param index="0">
              <value>
                <![CDATA[available]]>
              </value>
            </param>
          </params>
          <reporter-output>
          </reporter-output>
        </test-method> <!-- findStatus -->
        <test-method status="PASS" signature="afterMethod()[pri:0, instance:org.pet.PetStore@68be2bc2]" name="afterMethod" is-config="true" duration-ms="1" started-at="2022-08-18T10:55:56Z" finished-at="2022-08-18T10:55:56Z">
          <reporter-output>
          </reporter-output>
        </test-method> <!-- afterMethod -->
        <test-method status="PASS" signature="findStatus(java.lang.String)[pri:3, instance:org.pet.PetStore@68be2bc2]" name="findStatus" duration-ms="1265" started-at="2022-08-18T10:55:56Z" data-provider="status" finished-at="2022-08-18T10:55:57Z">
          <params>
            <param index="0">
              <value>
                <![CDATA[pending]]>
              </value>
            </param>
          </params>
          <reporter-output>
          </reporter-output>
        </test-method> <!-- findStatus -->
        <test-method status="PASS" signature="beforeMethod()[pri:0, instance:org.pet.PetStore@68be2bc2]" name="beforeMethod" is-config="true" duration-ms="0" started-at="2022-08-18T10:55:56Z" finished-at="2022-08-18T10:55:56Z">
          <reporter-output>
          </reporter-output>
        </test-method> <!-- beforeMethod -->
        <test-method status="PASS" signature="afterMethod()[pri:0, instance:org.pet.PetStore@68be2bc2]" name="afterMethod" is-config="true" duration-ms="0" started-at="2022-08-18T10:55:57Z" finished-at="2022-08-18T10:55:57Z">
          <reporter-output>
          </reporter-output>
        </test-method> <!-- afterMethod -->
        <test-method status="PASS" signature="after()[pri:0, instance:org.pet.PetStore@68be2bc2]" name="after" is-config="true" duration-ms="0" started-at="2022-08-18T10:55:57Z" finished-at="2022-08-18T10:55:57Z">
          <reporter-output>
          </reporter-output>
        </test-method> <!-- after -->
      </class> <!-- org.pet.PetStore -->
    </test> <!-- Default test -->
  </suite> <!-- Default suite -->
</testng-results>
