<?xml version="1.0" encoding="UTF-8"?>
<testng-results skipped="0" failed="0" total="4" passed="4">
  <reporter-output>
  </reporter-output>
  <suite name="Default suite" duration-ms="3376" started-at="2022-08-18T21:35:18Z" finished-at="2022-08-18T21:35:22Z">
    <groups>
    </groups>
    <test name="Default test" duration-ms="3376" started-at="2022-08-18T21:35:18Z" finished-at="2022-08-18T21:35:22Z">
      <class name="org.jira.JiraIssue">
        <test-method status="PASS" signature="Session()[pri:1, instance:org.jira.JiraIssue@548a9f61]" name="Session" duration-ms="2273" started-at="2022-08-19T03:05:18Z" finished-at="2022-08-19T03:05:21Z">
          <reporter-output>
          </reporter-output>
        </test-method> <!-- Session -->
        <test-method status="PASS" signature="Issue()[pri:2, instance:org.jira.JiraIssue@548a9f61]" name="Issue" duration-ms="579" started-at="2022-08-19T03:05:21Z" finished-at="2022-08-19T03:05:21Z">
          <reporter-output>
          </reporter-output>
        </test-method> <!-- Issue -->
        <test-method status="PASS" signature="Comment()[pri:3, instance:org.jira.JiraIssue@548a9f61]" name="Comment" duration-ms="98" started-at="2022-08-19T03:05:21Z" finished-at="2022-08-19T03:05:21Z">
          <reporter-output>
          </reporter-output>
        </test-method> <!-- Comment -->
        <test-method status="PASS" signature="Attachment()[pri:4, instance:org.jira.JiraIssue@548a9f61]" name="Attachment" duration-ms="396" started-at="2022-08-19T03:05:21Z" finished-at="2022-08-19T03:05:22Z">
          <reporter-output>
          </reporter-output>
        </test-method> <!-- Attachment -->
      </class> <!-- org.jira.JiraIssue -->
    </test> <!-- Default test -->
  </suite> <!-- Default suite -->
</testng-results>
